fff
word/pneuma.png
source/0166.pdf300.png
0166.pdf300
source/0169.pdf300.png
0169.pdf300
source/0185.pdf300.png
0185.pdf300
=========
test/0185.pdf300/308-1122-132-35.png
0.033039018511772156
0.08936734395151652
=========
test/0185.pdf300/1217-1486-120-38.png
0.09459802508354187
0.072097616474483
=========
test/0185.pdf300/580-1726-132-35.png
0.032502733170986176
0.2622857422626815
=========
test/0185.pdf300/717-1551-124-36.png
0.021453291177749634
0.04531457545169972
=========
test/0185.pdf300/444-1787-133-35.png
0.04550536721944809
0.18618385310132313
source/0165.pdf300.png
0165.pdf300
=========
test/0165.pdf300/2679-1527-122-37.png
0.02247299626469612
0.12608961717123526
=========
test/0165.pdf300/345-1701-119-38.png
0.07711682468652725
0.08989281496441957
=========
test/0165.pdf300/805-1193-131-40.png
0.06498037278652191
0.22002793239081106
=========
test/0165.pdf300/484-1705-123-36.png
0.02243136428296566
0.09189065102837725
=========
test/0165.pdf300/2681-1198-120-36.png
0.020667310804128647
0.2571688391122269
=========
test/0165.pdf300/711-1549-121-37.png
0.023382646963000298
0.11938324094005337
=========
test/0165.pdf300/986-1760-132-38.png
0.07404066622257233
0.07706452775769043
=========
test/0165.pdf300/1806-1656-128-37.png
0.06654141843318939
0.03206484935903417
=========
test/0165.pdf300/1807-1096-119-37.png
0.09544743597507477
0.06284615724349772
=========
test/0165.pdf300/1387-1656-117-38.png
0.05116831511259079
0.06420901825565065
source/0176.pdf300.png
0176.pdf300
=========
test/0176.pdf300/228-345-120-35.png
0.02394842728972435
0.03758506236913575
=========
test/0176.pdf300/1226-338-121-38.png
0.022720281034708023
0.06372413494019324
=========
test/0176.pdf300/272-577-124-36.png
0.02511182799935341
0.021402977169810853
=========
test/0176.pdf300/1584-485-131-35.png
0.038385260850191116
0.15220114222767717
source/0186.pdf300.png
0186.pdf300
=========
test/0186.pdf300/1072-609-133-35.png
0.046623777598142624
0.09562301447672537
=========
test/0186.pdf300/335-675-134-37.png
0.02455374412238598
0.11111763728517504
=========
test/0186.pdf300/932-459-131-38.png
0.05173598229885101
0.05648700708615786
=========
test/0186.pdf300/1256-325-131-35.png
0.046778589487075806
0.2832902924343831
=========
test/0186.pdf300/292-424-132-35.png
0.03330912068486214
0.291623836229036
=========
test/0186.pdf300/885-658-123-37.png
0.032468680292367935
0.0648995273877047
source/0174.pdf300.png
0174.pdf300
=========
test/0174.pdf300/1368-397-126-37.png
0.08112078905105591
0.08957901175859462
source/0156.pdf300.png
0156.pdf300
=========
test/0156.pdf300/1597-586-122-37.png
0.01841835491359234
0.07649805371376363
source/0183.pdf300.png
0183.pdf300
=========
test/0183.pdf300/1455-1723-132-35.png
0.06803365796804428
0.09727504416762313
=========
test/0183.pdf300/1316-1817-129-37.png
0.05174998939037323
0.07577191741061655
=========
test/0183.pdf300/1824-1629-131-35.png
0.043750323355197906
0.2533592199676562
=========
test/0183.pdf300/1134-1403-121-37.png
0.056201230734586716
0.04689340380301123
=========
test/0183.pdf300/264-1232-132-34.png
0.04927252605557442
0.08885573219044883
=========
test/0183.pdf300/447-1801-135-37.png
0.06269381195306778
0.10097782925531112
source/0173.pdf300.png
0173.pdf300
=========
test/0173.pdf300/372-1156-121-38.png
0.05823870748281479
0.02068372691880187
=========
test/0173.pdf300/1060-1320-120-39.png
0.05163870006799698
0.05827569538559603
=========
test/0173.pdf300/1612-1702-109-31.png
0.08093846589326859
0.21929055758894955
source/0179.pdf300.png
0179.pdf300
=========
test/0179.pdf300/855-1447-122-36.png
0.02295125648379326
0.060810993055824956
source/0181.pdf300.png
0181.pdf300
source/0160.pdf300.png
0160.pdf300
=========
test/0160.pdf300/1534-439-124-39.png
0.07396319508552551
0.08477473322091704
source/0172.pdf300.png
0172.pdf300
=========
test/0172.pdf300/823-701-127-38.png
0.08137479424476624
0.073775291420882
source/0187.pdf300.png
0187.pdf300
=========
test/0187.pdf300/2801-745-123-36.png
0.09890592843294144
0.06444029541258887
source/0192.pdf300.png
0192.pdf300
=========
test/0192.pdf300/1500-474-132-35.png
0.03527413308620453
0.0990890589973507
source/0164.pdf300.png
0164.pdf300
=========
test/0164.pdf300/1227-391-129-38.png
0.0552566796541214
0.09623277526459213
=========
test/0164.pdf300/1321-343-131-36.png
0.039428602904081345
0.039215252233890725
=========
test/0164.pdf300/591-208-122-37.png
0.005600688513368368
5.559478552092957e-15
=========
test/0164.pdf300/594-765-128-38.png
0.08127667754888535
0.05055159308897421
=========
test/0164.pdf300/1230-863-130-37.png
0.024005241692066193
0.1160848644350479
source/0182.pdf300.png
0182.pdf300
=========
test/0182.pdf300/1181-171-130-38.png
0.055696167051792145
0.10529269450098763
=========
test/0182.pdf300/818-329-151-37.png
0.060245320200920105
0.15560000389007816
=========
test/0182.pdf300/1091-543-123-37.png
0.02205010876059532
0.08045417264657026
source/0177.pdf300.png
0177.pdf300
=========
test/0177.pdf300/1482-1768-135-36.png
0.0353388637304306
0.106684296161308
=========
test/0177.pdf300/1251-1770-136-38.png
0.054358769208192825
0.09430110525315236
=========
test/0177.pdf300/884-1498-129-38.png
0.03739004582166672
0.1427831899006916
=========
test/0177.pdf300/1574-1431-132-36.png
0.03814217820763588
0.27973928363970585
source/0167.pdf300.png
0167.pdf300
=========
test/0167.pdf300/675-758-130-38.png
0.08172299712896347
0.056759197659682806
source/0168.pdf300.png
0168.pdf300
source/0151.pdf300.png
0151.pdf300
=========
test/0151.pdf300/2269-1280-129-38.png
0.08116906881332397
0.0885461949459238
source/0163.pdf300.png
0163.pdf300
=========
test/0163.pdf300/523-1630-132-35.png
0.03564552217721939
0.04876593936318145
=========
test/0163.pdf300/656-261-121-38.png
0.02088150754570961
0.14730351589143506
=========
test/0163.pdf300/567-930-121-36.png
0.020070424303412437
0.10672450580823895
source/0190.pdf300.png
0190.pdf300
=========
test/0190.pdf300/2210-675-131-35.png
0.03709659352898598
0.06730946510333213
=========
test/0190.pdf300/409-498-125-36.png
0.07178626954555511
0.06947226558677669
=========
test/0190.pdf300/1167-404-140-35.png
0.048390474170446396
0.2998064340404355
=========
test/0190.pdf300/1131-634-135-37.png
0.08945654332637787
0.13487317039063706
source/0188.pdf300.png
0188.pdf300
=========
test/0188.pdf300/361-567-120-37.png
0.061895646154880524
0.055826020898091896
=========
test/0188.pdf300/498-425-132-36.png
0.04397575557231903
0.2550304250254573
=========
test/0188.pdf300/1591-516-130-36.png
0.03455336391925812
0.05826975453426158
=========
test/0188.pdf300/449-257-123-36.png
0.025086963549256325
0.05785067241084618
source/0162.pdf300.png
0162.pdf300
=========
test/0162.pdf300/715-852-122-36.png
0.021379025653004646
0.07956785893936365
=========
test/0162.pdf300/1630-742-133-34.png
0.04061251878738403
0.23281253476277042
=========
test/0162.pdf300/1490-173-131-38.png
0.05705904960632324
0.05997188521123496
=========
test/0162.pdf300/1535-837-136-36.png
0.027692629024386406
0.08477503907076263
=========
test/0162.pdf300/1673-557-132-34.png
0.052785325795412064
0.15684183567649077
=========
test/0162.pdf300/1491-617-131-35.png
0.03942966088652611
0.06853359522000331
source/0195.pdf300.png
0195.pdf300
source/0175.pdf300.png
0175.pdf300
=========
test/0175.pdf300/492-1697-121-37.png
0.09749878197908401
0.05891084587337542
source/0152.pdf300.png
0152.pdf300
=========
test/0152.pdf300/1375-218-131-35.png
0.042366161942481995
0.2487453644293101
=========
test/0152.pdf300/1467-312-122-36.png
0.03179967403411865
0.06440660706163728
=========
test/0152.pdf300/1418-831-118-37.png
0.05195605754852295
0.08103920274781755
=========
test/0152.pdf300/1510-771-121-37.png
0.0928497239947319
0.2048736332136357
=========
test/0152.pdf300/1420-380-122-36.png
0.027616038918495178
0.09499487561824312
=========
test/0152.pdf300/1465-683-123-36.png
0.023739399388432503
0.010982470241447924
source/0153.pdf300.png
0153.pdf300
=========
test/0153.pdf300/2179-1293-136-36.png
0.026177017018198967
0.07693669472491918
source/0178.pdf300.png
0178.pdf300
source/0155.pdf300.png
0155.pdf300
=========
test/0155.pdf300/528-1612-121-38.png
0.047246597707271576
0.07671998762840784
source/0159.pdf300.png
0159.pdf300
=========
test/0159.pdf300/2268-657-129-31.png
0.084467813372612
0.2481774639637809
source/0158.pdf300.png
0158.pdf300
source/0189.pdf300.png
0189.pdf300
=========
test/0189.pdf300/1564-1121-121-37.png
0.026247262954711914
0.13529939167084198
=========
test/0189.pdf300/511-1270-123-37.png
0.02189638838171959
0.029735202291836103
=========
test/0189.pdf300/649-1253-131-35.png
0.04468739777803421
0.10621373169880613
=========
test/0189.pdf300/2156-1674-140-35.png
0.030000779777765274
0.13887441770321127
=========
test/0189.pdf300/1060-1228-131-37.png
0.021077513694763184
0.17358846433182326
source/0180.pdf300.png
0180.pdf300
source/0191.pdf300.png
0191.pdf300
=========
test/0191.pdf300/536-1137-131-35.png
0.043264202773571014
0.24153282600404172
source/0194.pdf300.png
0194.pdf300
source/0193.pdf300.png
0193.pdf300
source/0184.pdf300.png
0184.pdf300
=========
test/0184.pdf300/1145-842-132-34.png
0.04762154072523117
0.08358208151607183
=========
test/0184.pdf300/1373-409-131-35.png
0.03517785668373108
0.0733854876430416
=========
test/0184.pdf300/276-176-133-35.png
0.05410660058259964
0.0729603558951715
=========
test/0184.pdf300/1328-605-130-35.png
0.04214908182621002
0.263684359398008
=========
test/0184.pdf300/1649-286-132-34.png
0.04402855783700943
0.07105569973268128
=========
test/0184.pdf300/962-266-158-35.png
0.09194175153970718
0.19669764915030516
source/0154.pdf300.png
0154.pdf300
source/0171.pdf300.png
0171.pdf300
=========
test/0171.pdf300/2046-1124-123-37.png
0.01865215413272381
0.006404255507369546
=========
test/0171.pdf300/478-1498-129-37.png
0.06131996586918831
0.036585937488552114
source/0161.pdf300.png
0161.pdf300
=========
test/0161.pdf300/1264-1353-122-36.png
0.07360704988241196
0.0191365097018997
source/0157.pdf300.png
0157.pdf300
=========
test/0157.pdf300/1160-1648-124-36.png
0.06376653164625168
0.17836383447362292
[PosixPath('test/0185.pdf300/308-1122-132-35.png'), PosixPath('test/0185.pdf300/1217-1486-120-38.png'), PosixPath('test/0185.pdf300/580-1726-132-35.png'), PosixPath('test/0185.pdf300/717-1551-124-36.png'), PosixPath('test/0185.pdf300/444-1787-133-35.png'), PosixPath('test/0165.pdf300/2679-1527-122-37.png'), PosixPath('test/0165.pdf300/345-1701-119-38.png'), PosixPath('test/0165.pdf300/805-1193-131-40.png'), PosixPath('test/0165.pdf300/484-1705-123-36.png'), PosixPath('test/0165.pdf300/2681-1198-120-36.png'), PosixPath('test/0165.pdf300/711-1549-121-37.png'), PosixPath('test/0165.pdf300/986-1760-132-38.png'), PosixPath('test/0165.pdf300/1806-1656-128-37.png'), PosixPath('test/0165.pdf300/1807-1096-119-37.png'), PosixPath('test/0165.pdf300/1387-1656-117-38.png'), PosixPath('test/0176.pdf300/228-345-120-35.png'), PosixPath('test/0176.pdf300/1226-338-121-38.png'), PosixPath('test/0176.pdf300/272-577-124-36.png'), PosixPath('test/0176.pdf300/1584-485-131-35.png'), PosixPath('test/0186.pdf300/1072-609-133-35.png'), PosixPath('test/0186.pdf300/335-675-134-37.png'), PosixPath('test/0186.pdf300/932-459-131-38.png'), PosixPath('test/0186.pdf300/1256-325-131-35.png'), PosixPath('test/0186.pdf300/292-424-132-35.png'), PosixPath('test/0186.pdf300/885-658-123-37.png'), PosixPath('test/0174.pdf300/1368-397-126-37.png'), PosixPath('test/0156.pdf300/1597-586-122-37.png'), PosixPath('test/0183.pdf300/1455-1723-132-35.png'), PosixPath('test/0183.pdf300/1316-1817-129-37.png'), PosixPath('test/0183.pdf300/1824-1629-131-35.png'), PosixPath('test/0183.pdf300/1134-1403-121-37.png'), PosixPath('test/0183.pdf300/264-1232-132-34.png'), PosixPath('test/0183.pdf300/447-1801-135-37.png'), PosixPath('test/0173.pdf300/372-1156-121-38.png'), PosixPath('test/0173.pdf300/1060-1320-120-39.png'), PosixPath('test/0173.pdf300/1612-1702-109-31.png'), PosixPath('test/0179.pdf300/855-1447-122-36.png'), PosixPath('test/0160.pdf300/1534-439-124-39.png'), PosixPath('test/0172.pdf300/823-701-127-38.png'), PosixPath('test/0187.pdf300/2801-745-123-36.png'), PosixPath('test/0192.pdf300/1500-474-132-35.png'), PosixPath('test/0164.pdf300/1227-391-129-38.png'), PosixPath('test/0164.pdf300/1321-343-131-36.png'), PosixPath('test/0164.pdf300/591-208-122-37.png'), PosixPath('test/0164.pdf300/594-765-128-38.png'), PosixPath('test/0164.pdf300/1230-863-130-37.png'), PosixPath('test/0182.pdf300/1181-171-130-38.png'), PosixPath('test/0182.pdf300/818-329-151-37.png'), PosixPath('test/0182.pdf300/1091-543-123-37.png'), PosixPath('test/0177.pdf300/1482-1768-135-36.png'), PosixPath('test/0177.pdf300/1251-1770-136-38.png'), PosixPath('test/0177.pdf300/884-1498-129-38.png'), PosixPath('test/0177.pdf300/1574-1431-132-36.png'), PosixPath('test/0167.pdf300/675-758-130-38.png'), PosixPath('test/0151.pdf300/2269-1280-129-38.png'), PosixPath('test/0163.pdf300/523-1630-132-35.png'), PosixPath('test/0163.pdf300/656-261-121-38.png'), PosixPath('test/0163.pdf300/567-930-121-36.png'), PosixPath('test/0190.pdf300/2210-675-131-35.png'), PosixPath('test/0190.pdf300/409-498-125-36.png'), PosixPath('test/0190.pdf300/1167-404-140-35.png'), PosixPath('test/0190.pdf300/1131-634-135-37.png'), PosixPath('test/0188.pdf300/361-567-120-37.png'), PosixPath('test/0188.pdf300/498-425-132-36.png'), PosixPath('test/0188.pdf300/1591-516-130-36.png'), PosixPath('test/0188.pdf300/449-257-123-36.png'), PosixPath('test/0162.pdf300/715-852-122-36.png'), PosixPath('test/0162.pdf300/1630-742-133-34.png'), PosixPath('test/0162.pdf300/1490-173-131-38.png'), PosixPath('test/0162.pdf300/1535-837-136-36.png'), PosixPath('test/0162.pdf300/1673-557-132-34.png'), PosixPath('test/0162.pdf300/1491-617-131-35.png'), PosixPath('test/0175.pdf300/492-1697-121-37.png'), PosixPath('test/0152.pdf300/1375-218-131-35.png'), PosixPath('test/0152.pdf300/1467-312-122-36.png'), PosixPath('test/0152.pdf300/1418-831-118-37.png'), PosixPath('test/0152.pdf300/1510-771-121-37.png'), PosixPath('test/0152.pdf300/1420-380-122-36.png'), PosixPath('test/0152.pdf300/1465-683-123-36.png'), PosixPath('test/0153.pdf300/2179-1293-136-36.png'), PosixPath('test/0155.pdf300/528-1612-121-38.png'), PosixPath('test/0159.pdf300/2268-657-129-31.png'), PosixPath('test/0189.pdf300/1564-1121-121-37.png'), PosixPath('test/0189.pdf300/511-1270-123-37.png'), PosixPath('test/0189.pdf300/649-1253-131-35.png'), PosixPath('test/0189.pdf300/2156-1674-140-35.png'), PosixPath('test/0189.pdf300/1060-1228-131-37.png'), PosixPath('test/0191.pdf300/536-1137-131-35.png'), PosixPath('test/0184.pdf300/1145-842-132-34.png'), PosixPath('test/0184.pdf300/1373-409-131-35.png'), PosixPath('test/0184.pdf300/276-176-133-35.png'), PosixPath('test/0184.pdf300/1328-605-130-35.png'), PosixPath('test/0184.pdf300/1649-286-132-34.png'), PosixPath('test/0184.pdf300/962-266-158-35.png'), PosixPath('test/0171.pdf300/2046-1124-123-37.png'), PosixPath('test/0171.pdf300/478-1498-129-37.png'), PosixPath('test/0161.pdf300/1264-1353-122-36.png'), PosixPath('test/0157.pdf300/1160-1648-124-36.png')]
